Arguments: 
  C:\Program Files\nodejs\node.exe C:\Program Files (x86)\Yarn\bin\yarn.js add firebase

PATH: 
  C:\Python27\;C:\Python27\Scripts;C:\Program Files\Microsoft MPI\Bin\;C:\ProgramData\Oracle\Java\javapath;C:\WINDOWS\system32;C:\WINDOWS;C:\WINDOWS\System32\Wbem;C:\WINDOWS\System32\WindowsPowerShell\v1.0\;C:\Program Files\Microsoft SQL Server\110\Tools\Binn\;C:\Program Files (x86)\Microsoft SDKs\TypeScript\1.0\;C:\Program Files\Microsoft SQL Server\120\Tools\Binn\;C:\Program Files\MongoDB\Server\3.4\bin;C:\Program Files (x86)\Microsoft SQL Server\130\Tools\Binn\;C:\Program Files\Microsoft SQL Server\130\Tools\Binn\;C:\Program Files (x86)\Microsoft SQL Server\130\DTS\Binn\;C:\Program Files\Microsoft SQL Server\130\DTS\Binn\;C:\Program Files\Microsoft SQL Server\Client SDK\ODBC\130\Tools\Binn\;C:\Program Files (x86)\Microsoft SQL Server\Client SDK\ODBC\130\Tools\Binn\;C:\Program Files (x86)\Microsoft SQL Server\130\Tools\Binn\ManagementStudio\;C:\Program Files (x86)\Microsoft SQL Server\110\DTS\Binn\;C:\Program Files (x86)\Microsoft SQL Server\120\DTS\Binn\;C:\Program Files\dotnet\;C:\Program Files\Git\cmd;C:\WINDOWS\System32\OpenSSH\;C:\Program Files (x86)\Windows Live\Shared;C:\Program Files\Microsoft VS Code\bin;C:\Program Files\nodejs\;C:\php;C:\ProgramData\chocolatey\bin;C:\Program Files\Java\jdk1.8.0_211\bin;C:\Users\USER\AppData\Local\Android\Sdk\platform-tools;C:\Program Files (x86)\Yarn\bin\;C:\Users\USER\AppData\Local\Programs\Python\Python36-32\Scripts\;C:\Users\USER\AppData\Local\Programs\Python\Python36-32\;C:\Users\USER\AppData\Local\Microsoft\WindowsApps;C:\Users\USER\AppData\Local\atom\bin;C:\Users\USER\AppData\Local\GitHubDesktop\bin;C:\Users\USER\AppData\Local\Microsoft\WindowsApps;C:\Users\USER\AppData\Roaming\npm;C:\Users\USER\AppData\Local\Yarn\bin

Yarn version: 
  1.22.4

Node version: 
  11.6.0

Platform: 
  win32 x64

Trace: 
  Error: https://registry.yarnpkg.com/react-native/-/react-native-0.62.2.tgz: ESOCKETTIMEDOUT
      at ClientRequest.<anonymous> (C:\Program Files (x86)\Yarn\lib\cli.js:141375:19)
      at Object.onceWrapper (events.js:276:13)
      at ClientRequest.emit (events.js:188:13)
      at TLSSocket.emitRequestTimeout (_http_client.js:668:40)
      at Object.onceWrapper (events.js:276:13)
      at TLSSocket.emit (events.js:188:13)
      at TLSSocket.Socket._onTimeout (net.js:446:8)
      at listOnTimeout (timers.js:324:15)
      at processTimers (timers.js:268:5)

npm manifest: 
  {
    "name": "birthday",
    "version": "0.0.1",
    "private": true,
    "scripts": {
      "android": "react-native run-android",
      "ios": "react-native run-ios",
      "start": "react-native start",
      "test": "jest",
      "lint": "eslint ."
    },
    "dependencies": {
      "react": "16.11.0",
      "react-native": "0.62.2"
    },
    "devDependencies": {
      "@babel/core": "^7.6.2",
      "@babel/runtime": "^7.6.2",
      "@react-native-community/eslint-config": "^0.0.5",
      "babel-jest": "^24.9.0",
      "eslint": "^6.5.1",
      "jest": "^24.9.0",
      "metro-react-native-babel-preset": "^0.58.0",
      "react-test-renderer": "16.11.0"
    },
    "jest": {
      "preset": "react-native"
    }
  }

yarn manifest: 
  No manifest

Lockfile: 
  No lockfile
